  Audio.cpp
C:\Users\jihae\Desktop\MSc_Games\DSP\3DSound\OpenGLTemplate\Audio.cpp(22,8): warning C4244: 'initializing': conversion from 'double' to 'int', possible loss of data
C:\Users\jihae\Desktop\MSc_Games\DSP\3DSound\OpenGLTemplate\Audio.cpp(75,40): warning C4305: 'initializing': truncation from 'double' to 'float'
C:\Users\jihae\Desktop\MSc_Games\DSP\3DSound\OpenGLTemplate\Audio.cpp(81,43): warning C4305: 'initializing': truncation from 'double' to 'float'
C:\Users\jihae\Desktop\MSc_Games\DSP\3DSound\OpenGLTemplate\Audio.cpp(206,1): warning C4996: 'sprintf': This function or variable may be unsafe. Consider using sprintf_s instead. To disable deprecation, use _CRT_SECURE_NO_WARNINGS. See online help for details.
C:\Program Files (x86)\Windows Kits\10\Include\10.0.18362.0\ucrt\stdio.h(1774): message : see declaration of 'sprintf'
C:\Users\jihae\Desktop\MSc_Games\DSP\3DSound\OpenGLTemplate\Audio.cpp(270,1): warning C4996: 'strncpy': This function or variable may be unsafe. Consider using strncpy_s instead. To disable deprecation, use _CRT_SECURE_NO_WARNINGS. See online help for details.
C:\Program Files (x86)\Windows Kits\10\Include\10.0.18362.0\ucrt\string.h(338): message : see declaration of 'strncpy'
C:\Users\jihae\Desktop\MSc_Games\DSP\3DSound\OpenGLTemplate\Audio.cpp(271,1): warning C4996: 'strncpy': This function or variable may be unsafe. Consider using strncpy_s instead. To disable deprecation, use _CRT_SECURE_NO_WARNINGS. See online help for details.
C:\Program Files (x86)\Windows Kits\10\Include\10.0.18362.0\ucrt\string.h(338): message : see declaration of 'strncpy'
  Camera.cpp
  Cubemap.cpp
  FreeTypeFont.cpp
  Game.cpp
C:\Users\jihae\Desktop\MSc_Games\DSP\3DSound\OpenGLTemplate\Game.cpp(328,19): warning C4244: 'argument': conversion from 'double' to 'float', possible loss of data
  GameWindow.cpp
  HighResolutionTimer.cpp
  ImposterHorse.cpp
  MatrixStack.cpp
  OpenAssetImportMesh.cpp
  Plane.cpp
  Shaders.cpp
  Skybox.cpp
  Sphere.cpp
  Texture.cpp
  VertexBufferObject.cpp
  VertexBufferObjectIndexed.cpp
  Wall.cpp
  Generating Code...
  OpenGLTemplate.vcxproj -> C:\Users\jihae\Desktop\MSc_Games\DSP\3DSound\Debug\OpenGLTemplate.exe
